host: g-c-1-4-01
Building DAG of jobs...
You are running snakemake in a SLURM job context. This is not recommended, as it may lead to unexpected behavior. Please run Snakemake directly on the login node.
SLURM run ID: 61dc2e3c-31b5-4e59-a4dc-9e36c949516d
Using shell: /usr/bin/bash
Provided remote nodes: 9
Job stats:
job           count
----------  -------
all               1
raw_fastqc        9
total            10

Select jobs to execute...
Failed to solve scheduling problem with ILP solver, falling back to greedy scheduler. You likely have to fix your ILP solver installation. Error message: PULP_CBC_CMD: Not Available (check permissions on cbc)
Execute 9 jobs...
[Wed Sep 24 14:00:21 2025]
rule raw_fastqc:
    input: ../../fastq/nAB_ApoE2_1_CL_Whole_C1_WMGAS_A43784_SC2134209-SC3_AATCACGACC_L001_R1_001.fastq.gz, ../../fastq/nAB_ApoE2_1_CL_Whole_C1_WMGAS_A43784_SC2134209-SC3_AATCACGACC_L001_R2_001.fastq.gz
    output: ../../rawQC/nAB_ApoE2_fq1_fastqc.zip, ../../rawQC/nAB_ApoE2_fq1_fastqc.html, ../../rawQC/nAB_ApoE2_fq2_fastqc.zip, ../../rawQC/nAB_ApoE2_fq2_fastqc.html
    jobid: 6
    reason: Missing output files: ../../rawQC/nAB_ApoE2_fq2_fastqc.html, ../../rawQC/nAB_ApoE2_fq1_fastqc.html
    wildcards: sample=nAB_ApoE2
    resources: mem_mb=64000, mem_mib=61036, disk_mb=1000, disk_mib=954, tmpdir=<TBD>, ntasks=1, threads=8, runtime=45, cpus_per_task=8, mem_gb=64, walltime=01:30:00
No SLURM account given, trying to guess.
Unable to guess SLURM account. Trying to proceed without.
Job 6 has been submitted with SLURM jobid 25934774 (log: /tgen_labs/jfryer/kolney/nanobody/scripts/01_processing/.snakemake/slurm_logs/rule_raw_fastqc/nAB_ApoE2/25934774.log).
[Wed Sep 24 14:00:21 2025]
rule raw_fastqc:
    input: ../../fastq/nAB_Clu1_1_CL_Whole_C1_WMGAS_A43781_SC2134209-SC3_GTGGCACGAA_L001_R1_001.fastq.gz, ../../fastq/nAB_Clu1_1_CL_Whole_C1_WMGAS_A43781_SC2134209-SC3_GTGGCACGAA_L001_R2_001.fastq.gz
    output: ../../rawQC/nAB_Clu1_fq1_fastqc.zip, ../../rawQC/nAB_Clu1_fq1_fastqc.html, ../../rawQC/nAB_Clu1_fq2_fastqc.zip, ../../rawQC/nAB_Clu1_fq2_fastqc.html
    jobid: 8
    reason: Missing output files: ../../rawQC/nAB_Clu1_fq2_fastqc.html, ../../rawQC/nAB_Clu1_fq1_fastqc.html
    wildcards: sample=nAB_Clu1
    resources: mem_mb=64000, mem_mib=61036, disk_mb=1000, disk_mib=954, tmpdir=<TBD>, ntasks=1, threads=8, runtime=45, cpus_per_task=8, mem_gb=64, walltime=01:30:00
Job 8 has been submitted with SLURM jobid 25934775 (log: /tgen_labs/jfryer/kolney/nanobody/scripts/01_processing/.snakemake/slurm_logs/rule_raw_fastqc/nAB_Clu1/25934775.log).
[Wed Sep 24 14:00:22 2025]
rule raw_fastqc:
    input: ../../fastq/nAB_Abeta1_1_CL_Whole_C1_WMGAS_A43777_SC2134209-SC3_AGAGTATCAG_L001_R1_001.fastq.gz, ../../fastq/nAB_Abeta1_1_CL_Whole_C1_WMGAS_A43777_SC2134209-SC3_AGAGTATCAG_L001_R2_001.fastq.gz
    output: ../../rawQC/nAB_Abeta1_fq1_fastqc.zip, ../../rawQC/nAB_Abeta1_fq1_fastqc.html, ../../rawQC/nAB_Abeta1_fq2_fastqc.zip, ../../rawQC/nAB_Abeta1_fq2_fastqc.html
    jobid: 1
    reason: Missing output files: ../../rawQC/nAB_Abeta1_fq1_fastqc.html, ../../rawQC/nAB_Abeta1_fq2_fastqc.html
    wildcards: sample=nAB_Abeta1
    resources: mem_mb=64000, mem_mib=61036, disk_mb=1000, disk_mib=954, tmpdir=<TBD>, ntasks=1, threads=8, runtime=45, cpus_per_task=8, mem_gb=64, walltime=01:30:00
Job 1 has been submitted with SLURM jobid 25934776 (log: /tgen_labs/jfryer/kolney/nanobody/scripts/01_processing/.snakemake/slurm_logs/rule_raw_fastqc/nAB_Abeta1/25934776.log).
[Wed Sep 24 14:00:22 2025]
rule raw_fastqc:
    input: ../../fastq/nAB_Abeta3_1_CL_Whole_C1_WMGAS_A43779_SC2134209-SC3_GGTCATCTCG_L001_R1_001.fastq.gz, ../../fastq/nAB_Abeta3_1_CL_Whole_C1_WMGAS_A43779_SC2134209-SC3_GGTCATCTCG_L001_R2_001.fastq.gz
    output: ../../rawQC/nAB_Abeta3_fq1_fastqc.zip, ../../rawQC/nAB_Abeta3_fq1_fastqc.html, ../../rawQC/nAB_Abeta3_fq2_fastqc.zip, ../../rawQC/nAB_Abeta3_fq2_fastqc.html
    jobid: 3
    reason: Missing output files: ../../rawQC/nAB_Abeta3_fq2_fastqc.html, ../../rawQC/nAB_Abeta3_fq1_fastqc.html
    wildcards: sample=nAB_Abeta3
    resources: mem_mb=64000, mem_mib=61036, disk_mb=1000, disk_mib=954, tmpdir=<TBD>, ntasks=1, threads=8, runtime=45, cpus_per_task=8, mem_gb=64, walltime=01:30:00
Job 3 has been submitted with SLURM jobid 25934777 (log: /tgen_labs/jfryer/kolney/nanobody/scripts/01_processing/.snakemake/slurm_logs/rule_raw_fastqc/nAB_Abeta3/25934777.log).
[Wed Sep 24 14:00:22 2025]
rule raw_fastqc:
    input: ../../fastq/nAB_ApoE1_1_CL_Whole_C1_WMGAS_A43783_SC2134209-SC3_CGCTAAGGCT_L001_R1_001.fastq.gz, ../../fastq/nAB_ApoE1_1_CL_Whole_C1_WMGAS_A43783_SC2134209-SC3_CGCTAAGGCT_L001_R2_001.fastq.gz
    output: ../../rawQC/nAB_ApoE1_fq1_fastqc.zip, ../../rawQC/nAB_ApoE1_fq1_fastqc.html, ../../rawQC/nAB_ApoE1_fq2_fastqc.zip, ../../rawQC/nAB_ApoE1_fq2_fastqc.html
    jobid: 5
    reason: Missing output files: ../../rawQC/nAB_ApoE1_fq1_fastqc.html, ../../rawQC/nAB_ApoE1_fq2_fastqc.html
    wildcards: sample=nAB_ApoE1
    resources: mem_mb=64000, mem_mib=61036, disk_mb=1025, disk_mib=978, tmpdir=<TBD>, ntasks=1, threads=8, runtime=45, cpus_per_task=8, mem_gb=64, walltime=01:30:00
Job 5 has been submitted with SLURM jobid 25934778 (log: /tgen_labs/jfryer/kolney/nanobody/scripts/01_processing/.snakemake/slurm_logs/rule_raw_fastqc/nAB_ApoE1/25934778.log).
[Wed Sep 24 14:00:22 2025]
rule raw_fastqc:
    input: ../../fastq/nAB_ApoE3_1_CL_Whole_C1_WMGAS_A43785_SC2134209-SC3_GTAGCTGTCG_L001_R1_001.fastq.gz, ../../fastq/nAB_ApoE3_1_CL_Whole_C1_WMGAS_A43785_SC2134209-SC3_GTAGCTGTCG_L001_R2_001.fastq.gz
    output: ../../rawQC/nAB_ApoE3_fq1_fastqc.zip, ../../rawQC/nAB_ApoE3_fq1_fastqc.html, ../../rawQC/nAB_ApoE3_fq2_fastqc.zip, ../../rawQC/nAB_ApoE3_fq2_fastqc.html
    jobid: 7
    reason: Missing output files: ../../rawQC/nAB_ApoE3_fq2_fastqc.html, ../../rawQC/nAB_ApoE3_fq1_fastqc.html
    wildcards: sample=nAB_ApoE3
    resources: mem_mb=64000, mem_mib=61036, disk_mb=1000, disk_mib=954, tmpdir=<TBD>, ntasks=1, threads=8, runtime=45, cpus_per_task=8, mem_gb=64, walltime=01:30:00
Job 7 has been submitted with SLURM jobid 25934780 (log: /tgen_labs/jfryer/kolney/nanobody/scripts/01_processing/.snakemake/slurm_logs/rule_raw_fastqc/nAB_ApoE3/25934780.log).
[Wed Sep 24 14:00:22 2025]
rule raw_fastqc:
    input: ../../fastq/nAB_Clu2_1_CL_Whole_C1_WMGAS_A43782_SC2134209-SC3_AAGCCTTAGA_L001_R1_001.fastq.gz, ../../fastq/nAB_Clu2_1_CL_Whole_C1_WMGAS_A43782_SC2134209-SC3_AAGCCTTAGA_L001_R2_001.fastq.gz
    output: ../../rawQC/nAB_Clu2_fq1_fastqc.zip, ../../rawQC/nAB_Clu2_fq1_fastqc.html, ../../rawQC/nAB_Clu2_fq2_fastqc.zip, ../../rawQC/nAB_Clu2_fq2_fastqc.html
    jobid: 9
    reason: Missing output files: ../../rawQC/nAB_Clu2_fq1_fastqc.html, ../../rawQC/nAB_Clu2_fq2_fastqc.html
    wildcards: sample=nAB_Clu2
    resources: mem_mb=64000, mem_mib=61036, disk_mb=1000, disk_mib=954, tmpdir=<TBD>, ntasks=1, threads=8, runtime=45, cpus_per_task=8, mem_gb=64, walltime=01:30:00
Job 9 has been submitted with SLURM jobid 25934781 (log: /tgen_labs/jfryer/kolney/nanobody/scripts/01_processing/.snakemake/slurm_logs/rule_raw_fastqc/nAB_Clu2/25934781.log).
[Wed Sep 24 14:00:23 2025]
rule raw_fastqc:
    input: ../../fastq/nAB_Abeta2_1_CL_Whole_C1_WMGAS_A43778_SC2134209-SC3_CTGGCGTATG_L001_R1_001.fastq.gz, ../../fastq/nAB_Abeta2_1_CL_Whole_C1_WMGAS_A43778_SC2134209-SC3_CTGGCGTATG_L001_R2_001.fastq.gz
    output: ../../rawQC/nAB_Abeta2_fq1_fastqc.zip, ../../rawQC/nAB_Abeta2_fq1_fastqc.html, ../../rawQC/nAB_Abeta2_fq2_fastqc.zip, ../../rawQC/nAB_Abeta2_fq2_fastqc.html
    jobid: 2
    reason: Missing output files: ../../rawQC/nAB_Abeta2_fq1_fastqc.html, ../../rawQC/nAB_Abeta2_fq2_fastqc.html
    wildcards: sample=nAB_Abeta2
    resources: mem_mb=64000, mem_mib=61036, disk_mb=1000, disk_mib=954, tmpdir=<TBD>, ntasks=1, threads=8, runtime=45, cpus_per_task=8, mem_gb=64, walltime=01:30:00
Job 2 has been submitted with SLURM jobid 25934782 (log: /tgen_labs/jfryer/kolney/nanobody/scripts/01_processing/.snakemake/slurm_logs/rule_raw_fastqc/nAB_Abeta2/25934782.log).
[Wed Sep 24 14:00:23 2025]
rule raw_fastqc:
    input: ../../fastq/nAB_Abeta4_1_CL_Whole_C1_WMGAS_A43780_SC2134209-SC3_TGTCGAACAA_L001_R1_001.fastq.gz, ../../fastq/nAB_Abeta4_1_CL_Whole_C1_WMGAS_A43780_SC2134209-SC3_TGTCGAACAA_L001_R2_001.fastq.gz
    output: ../../rawQC/nAB_Abeta4_fq1_fastqc.zip, ../../rawQC/nAB_Abeta4_fq1_fastqc.html, ../../rawQC/nAB_Abeta4_fq2_fastqc.zip, ../../rawQC/nAB_Abeta4_fq2_fastqc.html
    jobid: 4
    reason: Missing output files: ../../rawQC/nAB_Abeta4_fq1_fastqc.html, ../../rawQC/nAB_Abeta4_fq2_fastqc.html
    wildcards: sample=nAB_Abeta4
    resources: mem_mb=64000, mem_mib=61036, disk_mb=1000, disk_mib=954, tmpdir=<TBD>, ntasks=1, threads=8, runtime=45, cpus_per_task=8, mem_gb=64, walltime=01:30:00
Job 4 has been submitted with SLURM jobid 25934784 (log: /tgen_labs/jfryer/kolney/nanobody/scripts/01_processing/.snakemake/slurm_logs/rule_raw_fastqc/nAB_Abeta4/25934784.log).
[Wed Sep 24 14:00:56 2025]
Error in rule raw_fastqc:
    message: SLURM-job '25934774' failed, SLURM status is: 'FAILED'. For further error details see the cluster/cloud log and the log files of the involved rule(s).
    jobid: 6
    input: ../../fastq/nAB_ApoE2_1_CL_Whole_C1_WMGAS_A43784_SC2134209-SC3_AATCACGACC_L001_R1_001.fastq.gz, ../../fastq/nAB_ApoE2_1_CL_Whole_C1_WMGAS_A43784_SC2134209-SC3_AATCACGACC_L001_R2_001.fastq.gz
    output: ../../rawQC/nAB_ApoE2_fq1_fastqc.zip, ../../rawQC/nAB_ApoE2_fq1_fastqc.html, ../../rawQC/nAB_ApoE2_fq2_fastqc.zip, ../../rawQC/nAB_ApoE2_fq2_fastqc.html
    log: /tgen_labs/jfryer/kolney/nanobody/scripts/01_processing/.snakemake/slurm_logs/rule_raw_fastqc/nAB_ApoE2/25934774.log (check log file(s) for error details)
    shell:
        
		fastqc ../../fastq/nAB_ApoE2_1_CL_Whole_C1_WMGAS_A43784_SC2134209-SC3_AATCACGACC_L001_R1_001.fastq.gz;
		fastqc ../../fastq/nAB_ApoE2_1_CL_Whole_C1_WMGAS_A43784_SC2134209-SC3_AATCACGACC_L001_R2_001.fastq.gz;
		mv ../../fastq/nAB_ApoE2_1_CL_Whole_C1_WMGAS_A43784_SC2134209-SC3_AATCACGACC_L001_R1_001_fastqc.html ../../rawQC/nAB_ApoE2_fq1_fastqc.html;
		mv ../../fastq/nAB_ApoE2_1_CL_Whole_C1_WMGAS_A43784_SC2134209-SC3_AATCACGACC_L001_R1_001_fastqc.zip ../../rawQC/nAB_ApoE2_fq1_fastqc.zip;
		mv ../../fastq/nAB_ApoE2_1_CL_Whole_C1_WMGAS_A43784_SC2134209-SC3_AATCACGACC_L001_R2_001_fastqc.html ../../rawQC/nAB_ApoE2_fq2_fastqc.html;
		mv ../../fastq/nAB_ApoE2_1_CL_Whole_C1_WMGAS_A43784_SC2134209-SC3_AATCACGACC_L001_R2_001_fastqc.zip ../../rawQC/nAB_ApoE2_fq2_fastqc.zip
		
        (command exited with non-zero exit code)
    external_jobid: 25934774
[Wed Sep 24 14:00:56 2025]
Error in rule raw_fastqc:
    message: SLURM-job '25934775' failed, SLURM status is: 'FAILED'. For further error details see the cluster/cloud log and the log files of the involved rule(s).
    jobid: 8
    input: ../../fastq/nAB_Clu1_1_CL_Whole_C1_WMGAS_A43781_SC2134209-SC3_GTGGCACGAA_L001_R1_001.fastq.gz, ../../fastq/nAB_Clu1_1_CL_Whole_C1_WMGAS_A43781_SC2134209-SC3_GTGGCACGAA_L001_R2_001.fastq.gz
    output: ../../rawQC/nAB_Clu1_fq1_fastqc.zip, ../../rawQC/nAB_Clu1_fq1_fastqc.html, ../../rawQC/nAB_Clu1_fq2_fastqc.zip, ../../rawQC/nAB_Clu1_fq2_fastqc.html
    log: /tgen_labs/jfryer/kolney/nanobody/scripts/01_processing/.snakemake/slurm_logs/rule_raw_fastqc/nAB_Clu1/25934775.log (check log file(s) for error details)
    shell:
        
		fastqc ../../fastq/nAB_Clu1_1_CL_Whole_C1_WMGAS_A43781_SC2134209-SC3_GTGGCACGAA_L001_R1_001.fastq.gz;
		fastqc ../../fastq/nAB_Clu1_1_CL_Whole_C1_WMGAS_A43781_SC2134209-SC3_GTGGCACGAA_L001_R2_001.fastq.gz;
		mv ../../fastq/nAB_Clu1_1_CL_Whole_C1_WMGAS_A43781_SC2134209-SC3_GTGGCACGAA_L001_R1_001_fastqc.html ../../rawQC/nAB_Clu1_fq1_fastqc.html;
		mv ../../fastq/nAB_Clu1_1_CL_Whole_C1_WMGAS_A43781_SC2134209-SC3_GTGGCACGAA_L001_R1_001_fastqc.zip ../../rawQC/nAB_Clu1_fq1_fastqc.zip;
		mv ../../fastq/nAB_Clu1_1_CL_Whole_C1_WMGAS_A43781_SC2134209-SC3_GTGGCACGAA_L001_R2_001_fastqc.html ../../rawQC/nAB_Clu1_fq2_fastqc.html;
		mv ../../fastq/nAB_Clu1_1_CL_Whole_C1_WMGAS_A43781_SC2134209-SC3_GTGGCACGAA_L001_R2_001_fastqc.zip ../../rawQC/nAB_Clu1_fq2_fastqc.zip
		
        (command exited with non-zero exit code)
    external_jobid: 25934775
[Wed Sep 24 14:01:03 2025]
Error in rule raw_fastqc:
    message: SLURM-job '25934776' failed, SLURM status is: 'FAILED'. For further error details see the cluster/cloud log and the log files of the involved rule(s).
    jobid: 1
    input: ../../fastq/nAB_Abeta1_1_CL_Whole_C1_WMGAS_A43777_SC2134209-SC3_AGAGTATCAG_L001_R1_001.fastq.gz, ../../fastq/nAB_Abeta1_1_CL_Whole_C1_WMGAS_A43777_SC2134209-SC3_AGAGTATCAG_L001_R2_001.fastq.gz
    output: ../../rawQC/nAB_Abeta1_fq1_fastqc.zip, ../../rawQC/nAB_Abeta1_fq1_fastqc.html, ../../rawQC/nAB_Abeta1_fq2_fastqc.zip, ../../rawQC/nAB_Abeta1_fq2_fastqc.html
    log: /tgen_labs/jfryer/kolney/nanobody/scripts/01_processing/.snakemake/slurm_logs/rule_raw_fastqc/nAB_Abeta1/25934776.log (check log file(s) for error details)
    shell:
        
		fastqc ../../fastq/nAB_Abeta1_1_CL_Whole_C1_WMGAS_A43777_SC2134209-SC3_AGAGTATCAG_L001_R1_001.fastq.gz;
		fastqc ../../fastq/nAB_Abeta1_1_CL_Whole_C1_WMGAS_A43777_SC2134209-SC3_AGAGTATCAG_L001_R2_001.fastq.gz;
		mv ../../fastq/nAB_Abeta1_1_CL_Whole_C1_WMGAS_A43777_SC2134209-SC3_AGAGTATCAG_L001_R1_001_fastqc.html ../../rawQC/nAB_Abeta1_fq1_fastqc.html;
		mv ../../fastq/nAB_Abeta1_1_CL_Whole_C1_WMGAS_A43777_SC2134209-SC3_AGAGTATCAG_L001_R1_001_fastqc.zip ../../rawQC/nAB_Abeta1_fq1_fastqc.zip;
		mv ../../fastq/nAB_Abeta1_1_CL_Whole_C1_WMGAS_A43777_SC2134209-SC3_AGAGTATCAG_L001_R2_001_fastqc.html ../../rawQC/nAB_Abeta1_fq2_fastqc.html;
		mv ../../fastq/nAB_Abeta1_1_CL_Whole_C1_WMGAS_A43777_SC2134209-SC3_AGAGTATCAG_L001_R2_001_fastqc.zip ../../rawQC/nAB_Abeta1_fq2_fastqc.zip
		
        (command exited with non-zero exit code)
    external_jobid: 25934776
[Wed Sep 24 14:01:03 2025]
Error in rule raw_fastqc:
    message: SLURM-job '25934777' failed, SLURM status is: 'FAILED'. For further error details see the cluster/cloud log and the log files of the involved rule(s).
    jobid: 3
    input: ../../fastq/nAB_Abeta3_1_CL_Whole_C1_WMGAS_A43779_SC2134209-SC3_GGTCATCTCG_L001_R1_001.fastq.gz, ../../fastq/nAB_Abeta3_1_CL_Whole_C1_WMGAS_A43779_SC2134209-SC3_GGTCATCTCG_L001_R2_001.fastq.gz
    output: ../../rawQC/nAB_Abeta3_fq1_fastqc.zip, ../../rawQC/nAB_Abeta3_fq1_fastqc.html, ../../rawQC/nAB_Abeta3_fq2_fastqc.zip, ../../rawQC/nAB_Abeta3_fq2_fastqc.html
    log: /tgen_labs/jfryer/kolney/nanobody/scripts/01_processing/.snakemake/slurm_logs/rule_raw_fastqc/nAB_Abeta3/25934777.log (check log file(s) for error details)
    shell:
        
		fastqc ../../fastq/nAB_Abeta3_1_CL_Whole_C1_WMGAS_A43779_SC2134209-SC3_GGTCATCTCG_L001_R1_001.fastq.gz;
		fastqc ../../fastq/nAB_Abeta3_1_CL_Whole_C1_WMGAS_A43779_SC2134209-SC3_GGTCATCTCG_L001_R2_001.fastq.gz;
		mv ../../fastq/nAB_Abeta3_1_CL_Whole_C1_WMGAS_A43779_SC2134209-SC3_GGTCATCTCG_L001_R1_001_fastqc.html ../../rawQC/nAB_Abeta3_fq1_fastqc.html;
		mv ../../fastq/nAB_Abeta3_1_CL_Whole_C1_WMGAS_A43779_SC2134209-SC3_GGTCATCTCG_L001_R1_001_fastqc.zip ../../rawQC/nAB_Abeta3_fq1_fastqc.zip;
		mv ../../fastq/nAB_Abeta3_1_CL_Whole_C1_WMGAS_A43779_SC2134209-SC3_GGTCATCTCG_L001_R2_001_fastqc.html ../../rawQC/nAB_Abeta3_fq2_fastqc.html;
		mv ../../fastq/nAB_Abeta3_1_CL_Whole_C1_WMGAS_A43779_SC2134209-SC3_GGTCATCTCG_L001_R2_001_fastqc.zip ../../rawQC/nAB_Abeta3_fq2_fastqc.zip
		
        (command exited with non-zero exit code)
    external_jobid: 25934777
[Wed Sep 24 14:01:03 2025]
Error in rule raw_fastqc:
    message: SLURM-job '25934778' failed, SLURM status is: 'FAILED'. For further error details see the cluster/cloud log and the log files of the involved rule(s).
    jobid: 5
    input: ../../fastq/nAB_ApoE1_1_CL_Whole_C1_WMGAS_A43783_SC2134209-SC3_CGCTAAGGCT_L001_R1_001.fastq.gz, ../../fastq/nAB_ApoE1_1_CL_Whole_C1_WMGAS_A43783_SC2134209-SC3_CGCTAAGGCT_L001_R2_001.fastq.gz
    output: ../../rawQC/nAB_ApoE1_fq1_fastqc.zip, ../../rawQC/nAB_ApoE1_fq1_fastqc.html, ../../rawQC/nAB_ApoE1_fq2_fastqc.zip, ../../rawQC/nAB_ApoE1_fq2_fastqc.html
    log: /tgen_labs/jfryer/kolney/nanobody/scripts/01_processing/.snakemake/slurm_logs/rule_raw_fastqc/nAB_ApoE1/25934778.log (check log file(s) for error details)
    shell:
        
		fastqc ../../fastq/nAB_ApoE1_1_CL_Whole_C1_WMGAS_A43783_SC2134209-SC3_CGCTAAGGCT_L001_R1_001.fastq.gz;
		fastqc ../../fastq/nAB_ApoE1_1_CL_Whole_C1_WMGAS_A43783_SC2134209-SC3_CGCTAAGGCT_L001_R2_001.fastq.gz;
		mv ../../fastq/nAB_ApoE1_1_CL_Whole_C1_WMGAS_A43783_SC2134209-SC3_CGCTAAGGCT_L001_R1_001_fastqc.html ../../rawQC/nAB_ApoE1_fq1_fastqc.html;
		mv ../../fastq/nAB_ApoE1_1_CL_Whole_C1_WMGAS_A43783_SC2134209-SC3_CGCTAAGGCT_L001_R1_001_fastqc.zip ../../rawQC/nAB_ApoE1_fq1_fastqc.zip;
		mv ../../fastq/nAB_ApoE1_1_CL_Whole_C1_WMGAS_A43783_SC2134209-SC3_CGCTAAGGCT_L001_R2_001_fastqc.html ../../rawQC/nAB_ApoE1_fq2_fastqc.html;
		mv ../../fastq/nAB_ApoE1_1_CL_Whole_C1_WMGAS_A43783_SC2134209-SC3_CGCTAAGGCT_L001_R2_001_fastqc.zip ../../rawQC/nAB_ApoE1_fq2_fastqc.zip
		
        (command exited with non-zero exit code)
    external_jobid: 25934778
[Wed Sep 24 14:01:03 2025]
Error in rule raw_fastqc:
    message: SLURM-job '25934780' failed, SLURM status is: 'FAILED'. For further error details see the cluster/cloud log and the log files of the involved rule(s).
    jobid: 7
    input: ../../fastq/nAB_ApoE3_1_CL_Whole_C1_WMGAS_A43785_SC2134209-SC3_GTAGCTGTCG_L001_R1_001.fastq.gz, ../../fastq/nAB_ApoE3_1_CL_Whole_C1_WMGAS_A43785_SC2134209-SC3_GTAGCTGTCG_L001_R2_001.fastq.gz
    output: ../../rawQC/nAB_ApoE3_fq1_fastqc.zip, ../../rawQC/nAB_ApoE3_fq1_fastqc.html, ../../rawQC/nAB_ApoE3_fq2_fastqc.zip, ../../rawQC/nAB_ApoE3_fq2_fastqc.html
    log: /tgen_labs/jfryer/kolney/nanobody/scripts/01_processing/.snakemake/slurm_logs/rule_raw_fastqc/nAB_ApoE3/25934780.log (check log file(s) for error details)
    shell:
        
		fastqc ../../fastq/nAB_ApoE3_1_CL_Whole_C1_WMGAS_A43785_SC2134209-SC3_GTAGCTGTCG_L001_R1_001.fastq.gz;
		fastqc ../../fastq/nAB_ApoE3_1_CL_Whole_C1_WMGAS_A43785_SC2134209-SC3_GTAGCTGTCG_L001_R2_001.fastq.gz;
		mv ../../fastq/nAB_ApoE3_1_CL_Whole_C1_WMGAS_A43785_SC2134209-SC3_GTAGCTGTCG_L001_R1_001_fastqc.html ../../rawQC/nAB_ApoE3_fq1_fastqc.html;
		mv ../../fastq/nAB_ApoE3_1_CL_Whole_C1_WMGAS_A43785_SC2134209-SC3_GTAGCTGTCG_L001_R1_001_fastqc.zip ../../rawQC/nAB_ApoE3_fq1_fastqc.zip;
		mv ../../fastq/nAB_ApoE3_1_CL_Whole_C1_WMGAS_A43785_SC2134209-SC3_GTAGCTGTCG_L001_R2_001_fastqc.html ../../rawQC/nAB_ApoE3_fq2_fastqc.html;
		mv ../../fastq/nAB_ApoE3_1_CL_Whole_C1_WMGAS_A43785_SC2134209-SC3_GTAGCTGTCG_L001_R2_001_fastqc.zip ../../rawQC/nAB_ApoE3_fq2_fastqc.zip
		
        (command exited with non-zero exit code)
    external_jobid: 25934780
[Wed Sep 24 14:01:03 2025]
Error in rule raw_fastqc:
    message: SLURM-job '25934781' failed, SLURM status is: 'FAILED'. For further error details see the cluster/cloud log and the log files of the involved rule(s).
    jobid: 9
    input: ../../fastq/nAB_Clu2_1_CL_Whole_C1_WMGAS_A43782_SC2134209-SC3_AAGCCTTAGA_L001_R1_001.fastq.gz, ../../fastq/nAB_Clu2_1_CL_Whole_C1_WMGAS_A43782_SC2134209-SC3_AAGCCTTAGA_L001_R2_001.fastq.gz
    output: ../../rawQC/nAB_Clu2_fq1_fastqc.zip, ../../rawQC/nAB_Clu2_fq1_fastqc.html, ../../rawQC/nAB_Clu2_fq2_fastqc.zip, ../../rawQC/nAB_Clu2_fq2_fastqc.html
    log: /tgen_labs/jfryer/kolney/nanobody/scripts/01_processing/.snakemake/slurm_logs/rule_raw_fastqc/nAB_Clu2/25934781.log (check log file(s) for error details)
    shell:
        
		fastqc ../../fastq/nAB_Clu2_1_CL_Whole_C1_WMGAS_A43782_SC2134209-SC3_AAGCCTTAGA_L001_R1_001.fastq.gz;
		fastqc ../../fastq/nAB_Clu2_1_CL_Whole_C1_WMGAS_A43782_SC2134209-SC3_AAGCCTTAGA_L001_R2_001.fastq.gz;
		mv ../../fastq/nAB_Clu2_1_CL_Whole_C1_WMGAS_A43782_SC2134209-SC3_AAGCCTTAGA_L001_R1_001_fastqc.html ../../rawQC/nAB_Clu2_fq1_fastqc.html;
		mv ../../fastq/nAB_Clu2_1_CL_Whole_C1_WMGAS_A43782_SC2134209-SC3_AAGCCTTAGA_L001_R1_001_fastqc.zip ../../rawQC/nAB_Clu2_fq1_fastqc.zip;
		mv ../../fastq/nAB_Clu2_1_CL_Whole_C1_WMGAS_A43782_SC2134209-SC3_AAGCCTTAGA_L001_R2_001_fastqc.html ../../rawQC/nAB_Clu2_fq2_fastqc.html;
		mv ../../fastq/nAB_Clu2_1_CL_Whole_C1_WMGAS_A43782_SC2134209-SC3_AAGCCTTAGA_L001_R2_001_fastqc.zip ../../rawQC/nAB_Clu2_fq2_fastqc.zip
		
        (command exited with non-zero exit code)
    external_jobid: 25934781
[Wed Sep 24 14:01:03 2025]
Error in rule raw_fastqc:
    message: SLURM-job '25934782' failed, SLURM status is: 'FAILED'. For further error details see the cluster/cloud log and the log files of the involved rule(s).
    jobid: 2
    input: ../../fastq/nAB_Abeta2_1_CL_Whole_C1_WMGAS_A43778_SC2134209-SC3_CTGGCGTATG_L001_R1_001.fastq.gz, ../../fastq/nAB_Abeta2_1_CL_Whole_C1_WMGAS_A43778_SC2134209-SC3_CTGGCGTATG_L001_R2_001.fastq.gz
    output: ../../rawQC/nAB_Abeta2_fq1_fastqc.zip, ../../rawQC/nAB_Abeta2_fq1_fastqc.html, ../../rawQC/nAB_Abeta2_fq2_fastqc.zip, ../../rawQC/nAB_Abeta2_fq2_fastqc.html
    log: /tgen_labs/jfryer/kolney/nanobody/scripts/01_processing/.snakemake/slurm_logs/rule_raw_fastqc/nAB_Abeta2/25934782.log (check log file(s) for error details)
    shell:
        
		fastqc ../../fastq/nAB_Abeta2_1_CL_Whole_C1_WMGAS_A43778_SC2134209-SC3_CTGGCGTATG_L001_R1_001.fastq.gz;
		fastqc ../../fastq/nAB_Abeta2_1_CL_Whole_C1_WMGAS_A43778_SC2134209-SC3_CTGGCGTATG_L001_R2_001.fastq.gz;
		mv ../../fastq/nAB_Abeta2_1_CL_Whole_C1_WMGAS_A43778_SC2134209-SC3_CTGGCGTATG_L001_R1_001_fastqc.html ../../rawQC/nAB_Abeta2_fq1_fastqc.html;
		mv ../../fastq/nAB_Abeta2_1_CL_Whole_C1_WMGAS_A43778_SC2134209-SC3_CTGGCGTATG_L001_R1_001_fastqc.zip ../../rawQC/nAB_Abeta2_fq1_fastqc.zip;
		mv ../../fastq/nAB_Abeta2_1_CL_Whole_C1_WMGAS_A43778_SC2134209-SC3_CTGGCGTATG_L001_R2_001_fastqc.html ../../rawQC/nAB_Abeta2_fq2_fastqc.html;
		mv ../../fastq/nAB_Abeta2_1_CL_Whole_C1_WMGAS_A43778_SC2134209-SC3_CTGGCGTATG_L001_R2_001_fastqc.zip ../../rawQC/nAB_Abeta2_fq2_fastqc.zip
		
        (command exited with non-zero exit code)
    external_jobid: 25934782
[Wed Sep 24 14:01:03 2025]
Error in rule raw_fastqc:
    message: SLURM-job '25934784' failed, SLURM status is: 'FAILED'. For further error details see the cluster/cloud log and the log files of the involved rule(s).
    jobid: 4
    input: ../../fastq/nAB_Abeta4_1_CL_Whole_C1_WMGAS_A43780_SC2134209-SC3_TGTCGAACAA_L001_R1_001.fastq.gz, ../../fastq/nAB_Abeta4_1_CL_Whole_C1_WMGAS_A43780_SC2134209-SC3_TGTCGAACAA_L001_R2_001.fastq.gz
    output: ../../rawQC/nAB_Abeta4_fq1_fastqc.zip, ../../rawQC/nAB_Abeta4_fq1_fastqc.html, ../../rawQC/nAB_Abeta4_fq2_fastqc.zip, ../../rawQC/nAB_Abeta4_fq2_fastqc.html
    log: /tgen_labs/jfryer/kolney/nanobody/scripts/01_processing/.snakemake/slurm_logs/rule_raw_fastqc/nAB_Abeta4/25934784.log (check log file(s) for error details)
    shell:
        
		fastqc ../../fastq/nAB_Abeta4_1_CL_Whole_C1_WMGAS_A43780_SC2134209-SC3_TGTCGAACAA_L001_R1_001.fastq.gz;
		fastqc ../../fastq/nAB_Abeta4_1_CL_Whole_C1_WMGAS_A43780_SC2134209-SC3_TGTCGAACAA_L001_R2_001.fastq.gz;
		mv ../../fastq/nAB_Abeta4_1_CL_Whole_C1_WMGAS_A43780_SC2134209-SC3_TGTCGAACAA_L001_R1_001_fastqc.html ../../rawQC/nAB_Abeta4_fq1_fastqc.html;
		mv ../../fastq/nAB_Abeta4_1_CL_Whole_C1_WMGAS_A43780_SC2134209-SC3_TGTCGAACAA_L001_R1_001_fastqc.zip ../../rawQC/nAB_Abeta4_fq1_fastqc.zip;
		mv ../../fastq/nAB_Abeta4_1_CL_Whole_C1_WMGAS_A43780_SC2134209-SC3_TGTCGAACAA_L001_R2_001_fastqc.html ../../rawQC/nAB_Abeta4_fq2_fastqc.html;
		mv ../../fastq/nAB_Abeta4_1_CL_Whole_C1_WMGAS_A43780_SC2134209-SC3_TGTCGAACAA_L001_R2_001_fastqc.zip ../../rawQC/nAB_Abeta4_fq2_fastqc.zip
		
        (command exited with non-zero exit code)
    external_jobid: 25934784
Shutting down, this might take some time.
Exiting because a job execution failed. Look below for error messages
[Wed Sep 24 14:01:23 2025]
Error in rule raw_fastqc:
    message: None
    jobid: 6
    input: ../../fastq/nAB_ApoE2_1_CL_Whole_C1_WMGAS_A43784_SC2134209-SC3_AATCACGACC_L001_R1_001.fastq.gz, ../../fastq/nAB_ApoE2_1_CL_Whole_C1_WMGAS_A43784_SC2134209-SC3_AATCACGACC_L001_R2_001.fastq.gz
    output: ../../rawQC/nAB_ApoE2_fq1_fastqc.zip, ../../rawQC/nAB_ApoE2_fq1_fastqc.html, ../../rawQC/nAB_ApoE2_fq2_fastqc.zip, ../../rawQC/nAB_ApoE2_fq2_fastqc.html
    shell:
        
		fastqc ../../fastq/nAB_ApoE2_1_CL_Whole_C1_WMGAS_A43784_SC2134209-SC3_AATCACGACC_L001_R1_001.fastq.gz;
		fastqc ../../fastq/nAB_ApoE2_1_CL_Whole_C1_WMGAS_A43784_SC2134209-SC3_AATCACGACC_L001_R2_001.fastq.gz;
		mv ../../fastq/nAB_ApoE2_1_CL_Whole_C1_WMGAS_A43784_SC2134209-SC3_AATCACGACC_L001_R1_001_fastqc.html ../../rawQC/nAB_ApoE2_fq1_fastqc.html;
		mv ../../fastq/nAB_ApoE2_1_CL_Whole_C1_WMGAS_A43784_SC2134209-SC3_AATCACGACC_L001_R1_001_fastqc.zip ../../rawQC/nAB_ApoE2_fq1_fastqc.zip;
		mv ../../fastq/nAB_ApoE2_1_CL_Whole_C1_WMGAS_A43784_SC2134209-SC3_AATCACGACC_L001_R2_001_fastqc.html ../../rawQC/nAB_ApoE2_fq2_fastqc.html;
		mv ../../fastq/nAB_ApoE2_1_CL_Whole_C1_WMGAS_A43784_SC2134209-SC3_AATCACGACC_L001_R2_001_fastqc.zip ../../rawQC/nAB_ApoE2_fq2_fastqc.zip
		
        (command exited with non-zero exit code)
[Wed Sep 24 14:01:23 2025]
Error in rule raw_fastqc:
    message: None
    jobid: 8
    input: ../../fastq/nAB_Clu1_1_CL_Whole_C1_WMGAS_A43781_SC2134209-SC3_GTGGCACGAA_L001_R1_001.fastq.gz, ../../fastq/nAB_Clu1_1_CL_Whole_C1_WMGAS_A43781_SC2134209-SC3_GTGGCACGAA_L001_R2_001.fastq.gz
    output: ../../rawQC/nAB_Clu1_fq1_fastqc.zip, ../../rawQC/nAB_Clu1_fq1_fastqc.html, ../../rawQC/nAB_Clu1_fq2_fastqc.zip, ../../rawQC/nAB_Clu1_fq2_fastqc.html
    shell:
        
		fastqc ../../fastq/nAB_Clu1_1_CL_Whole_C1_WMGAS_A43781_SC2134209-SC3_GTGGCACGAA_L001_R1_001.fastq.gz;
		fastqc ../../fastq/nAB_Clu1_1_CL_Whole_C1_WMGAS_A43781_SC2134209-SC3_GTGGCACGAA_L001_R2_001.fastq.gz;
		mv ../../fastq/nAB_Clu1_1_CL_Whole_C1_WMGAS_A43781_SC2134209-SC3_GTGGCACGAA_L001_R1_001_fastqc.html ../../rawQC/nAB_Clu1_fq1_fastqc.html;
		mv ../../fastq/nAB_Clu1_1_CL_Whole_C1_WMGAS_A43781_SC2134209-SC3_GTGGCACGAA_L001_R1_001_fastqc.zip ../../rawQC/nAB_Clu1_fq1_fastqc.zip;
		mv ../../fastq/nAB_Clu1_1_CL_Whole_C1_WMGAS_A43781_SC2134209-SC3_GTGGCACGAA_L001_R2_001_fastqc.html ../../rawQC/nAB_Clu1_fq2_fastqc.html;
		mv ../../fastq/nAB_Clu1_1_CL_Whole_C1_WMGAS_A43781_SC2134209-SC3_GTGGCACGAA_L001_R2_001_fastqc.zip ../../rawQC/nAB_Clu1_fq2_fastqc.zip
		
        (command exited with non-zero exit code)
[Wed Sep 24 14:01:23 2025]
Error in rule raw_fastqc:
    message: None
    jobid: 1
    input: ../../fastq/nAB_Abeta1_1_CL_Whole_C1_WMGAS_A43777_SC2134209-SC3_AGAGTATCAG_L001_R1_001.fastq.gz, ../../fastq/nAB_Abeta1_1_CL_Whole_C1_WMGAS_A43777_SC2134209-SC3_AGAGTATCAG_L001_R2_001.fastq.gz
    output: ../../rawQC/nAB_Abeta1_fq1_fastqc.zip, ../../rawQC/nAB_Abeta1_fq1_fastqc.html, ../../rawQC/nAB_Abeta1_fq2_fastqc.zip, ../../rawQC/nAB_Abeta1_fq2_fastqc.html
    shell:
        
		fastqc ../../fastq/nAB_Abeta1_1_CL_Whole_C1_WMGAS_A43777_SC2134209-SC3_AGAGTATCAG_L001_R1_001.fastq.gz;
		fastqc ../../fastq/nAB_Abeta1_1_CL_Whole_C1_WMGAS_A43777_SC2134209-SC3_AGAGTATCAG_L001_R2_001.fastq.gz;
		mv ../../fastq/nAB_Abeta1_1_CL_Whole_C1_WMGAS_A43777_SC2134209-SC3_AGAGTATCAG_L001_R1_001_fastqc.html ../../rawQC/nAB_Abeta1_fq1_fastqc.html;
		mv ../../fastq/nAB_Abeta1_1_CL_Whole_C1_WMGAS_A43777_SC2134209-SC3_AGAGTATCAG_L001_R1_001_fastqc.zip ../../rawQC/nAB_Abeta1_fq1_fastqc.zip;
		mv ../../fastq/nAB_Abeta1_1_CL_Whole_C1_WMGAS_A43777_SC2134209-SC3_AGAGTATCAG_L001_R2_001_fastqc.html ../../rawQC/nAB_Abeta1_fq2_fastqc.html;
		mv ../../fastq/nAB_Abeta1_1_CL_Whole_C1_WMGAS_A43777_SC2134209-SC3_AGAGTATCAG_L001_R2_001_fastqc.zip ../../rawQC/nAB_Abeta1_fq2_fastqc.zip
		
        (command exited with non-zero exit code)
[Wed Sep 24 14:01:23 2025]
Error in rule raw_fastqc:
    message: None
    jobid: 3
    input: ../../fastq/nAB_Abeta3_1_CL_Whole_C1_WMGAS_A43779_SC2134209-SC3_GGTCATCTCG_L001_R1_001.fastq.gz, ../../fastq/nAB_Abeta3_1_CL_Whole_C1_WMGAS_A43779_SC2134209-SC3_GGTCATCTCG_L001_R2_001.fastq.gz
    output: ../../rawQC/nAB_Abeta3_fq1_fastqc.zip, ../../rawQC/nAB_Abeta3_fq1_fastqc.html, ../../rawQC/nAB_Abeta3_fq2_fastqc.zip, ../../rawQC/nAB_Abeta3_fq2_fastqc.html
    shell:
        
		fastqc ../../fastq/nAB_Abeta3_1_CL_Whole_C1_WMGAS_A43779_SC2134209-SC3_GGTCATCTCG_L001_R1_001.fastq.gz;
		fastqc ../../fastq/nAB_Abeta3_1_CL_Whole_C1_WMGAS_A43779_SC2134209-SC3_GGTCATCTCG_L001_R2_001.fastq.gz;
		mv ../../fastq/nAB_Abeta3_1_CL_Whole_C1_WMGAS_A43779_SC2134209-SC3_GGTCATCTCG_L001_R1_001_fastqc.html ../../rawQC/nAB_Abeta3_fq1_fastqc.html;
		mv ../../fastq/nAB_Abeta3_1_CL_Whole_C1_WMGAS_A43779_SC2134209-SC3_GGTCATCTCG_L001_R1_001_fastqc.zip ../../rawQC/nAB_Abeta3_fq1_fastqc.zip;
		mv ../../fastq/nAB_Abeta3_1_CL_Whole_C1_WMGAS_A43779_SC2134209-SC3_GGTCATCTCG_L001_R2_001_fastqc.html ../../rawQC/nAB_Abeta3_fq2_fastqc.html;
		mv ../../fastq/nAB_Abeta3_1_CL_Whole_C1_WMGAS_A43779_SC2134209-SC3_GGTCATCTCG_L001_R2_001_fastqc.zip ../../rawQC/nAB_Abeta3_fq2_fastqc.zip
		
        (command exited with non-zero exit code)
[Wed Sep 24 14:01:23 2025]
Error in rule raw_fastqc:
    message: None
    jobid: 5
    input: ../../fastq/nAB_ApoE1_1_CL_Whole_C1_WMGAS_A43783_SC2134209-SC3_CGCTAAGGCT_L001_R1_001.fastq.gz, ../../fastq/nAB_ApoE1_1_CL_Whole_C1_WMGAS_A43783_SC2134209-SC3_CGCTAAGGCT_L001_R2_001.fastq.gz
    output: ../../rawQC/nAB_ApoE1_fq1_fastqc.zip, ../../rawQC/nAB_ApoE1_fq1_fastqc.html, ../../rawQC/nAB_ApoE1_fq2_fastqc.zip, ../../rawQC/nAB_ApoE1_fq2_fastqc.html
    shell:
        
		fastqc ../../fastq/nAB_ApoE1_1_CL_Whole_C1_WMGAS_A43783_SC2134209-SC3_CGCTAAGGCT_L001_R1_001.fastq.gz;
		fastqc ../../fastq/nAB_ApoE1_1_CL_Whole_C1_WMGAS_A43783_SC2134209-SC3_CGCTAAGGCT_L001_R2_001.fastq.gz;
		mv ../../fastq/nAB_ApoE1_1_CL_Whole_C1_WMGAS_A43783_SC2134209-SC3_CGCTAAGGCT_L001_R1_001_fastqc.html ../../rawQC/nAB_ApoE1_fq1_fastqc.html;
		mv ../../fastq/nAB_ApoE1_1_CL_Whole_C1_WMGAS_A43783_SC2134209-SC3_CGCTAAGGCT_L001_R1_001_fastqc.zip ../../rawQC/nAB_ApoE1_fq1_fastqc.zip;
		mv ../../fastq/nAB_ApoE1_1_CL_Whole_C1_WMGAS_A43783_SC2134209-SC3_CGCTAAGGCT_L001_R2_001_fastqc.html ../../rawQC/nAB_ApoE1_fq2_fastqc.html;
		mv ../../fastq/nAB_ApoE1_1_CL_Whole_C1_WMGAS_A43783_SC2134209-SC3_CGCTAAGGCT_L001_R2_001_fastqc.zip ../../rawQC/nAB_ApoE1_fq2_fastqc.zip
		
        (command exited with non-zero exit code)
[Wed Sep 24 14:01:23 2025]
Error in rule raw_fastqc:
    message: None
    jobid: 7
    input: ../../fastq/nAB_ApoE3_1_CL_Whole_C1_WMGAS_A43785_SC2134209-SC3_GTAGCTGTCG_L001_R1_001.fastq.gz, ../../fastq/nAB_ApoE3_1_CL_Whole_C1_WMGAS_A43785_SC2134209-SC3_GTAGCTGTCG_L001_R2_001.fastq.gz
    output: ../../rawQC/nAB_ApoE3_fq1_fastqc.zip, ../../rawQC/nAB_ApoE3_fq1_fastqc.html, ../../rawQC/nAB_ApoE3_fq2_fastqc.zip, ../../rawQC/nAB_ApoE3_fq2_fastqc.html
    shell:
        
		fastqc ../../fastq/nAB_ApoE3_1_CL_Whole_C1_WMGAS_A43785_SC2134209-SC3_GTAGCTGTCG_L001_R1_001.fastq.gz;
		fastqc ../../fastq/nAB_ApoE3_1_CL_Whole_C1_WMGAS_A43785_SC2134209-SC3_GTAGCTGTCG_L001_R2_001.fastq.gz;
		mv ../../fastq/nAB_ApoE3_1_CL_Whole_C1_WMGAS_A43785_SC2134209-SC3_GTAGCTGTCG_L001_R1_001_fastqc.html ../../rawQC/nAB_ApoE3_fq1_fastqc.html;
		mv ../../fastq/nAB_ApoE3_1_CL_Whole_C1_WMGAS_A43785_SC2134209-SC3_GTAGCTGTCG_L001_R1_001_fastqc.zip ../../rawQC/nAB_ApoE3_fq1_fastqc.zip;
		mv ../../fastq/nAB_ApoE3_1_CL_Whole_C1_WMGAS_A43785_SC2134209-SC3_GTAGCTGTCG_L001_R2_001_fastqc.html ../../rawQC/nAB_ApoE3_fq2_fastqc.html;
		mv ../../fastq/nAB_ApoE3_1_CL_Whole_C1_WMGAS_A43785_SC2134209-SC3_GTAGCTGTCG_L001_R2_001_fastqc.zip ../../rawQC/nAB_ApoE3_fq2_fastqc.zip
		
        (command exited with non-zero exit code)
[Wed Sep 24 14:01:23 2025]
Error in rule raw_fastqc:
    message: None
    jobid: 9
    input: ../../fastq/nAB_Clu2_1_CL_Whole_C1_WMGAS_A43782_SC2134209-SC3_AAGCCTTAGA_L001_R1_001.fastq.gz, ../../fastq/nAB_Clu2_1_CL_Whole_C1_WMGAS_A43782_SC2134209-SC3_AAGCCTTAGA_L001_R2_001.fastq.gz
    output: ../../rawQC/nAB_Clu2_fq1_fastqc.zip, ../../rawQC/nAB_Clu2_fq1_fastqc.html, ../../rawQC/nAB_Clu2_fq2_fastqc.zip, ../../rawQC/nAB_Clu2_fq2_fastqc.html
    shell:
        
		fastqc ../../fastq/nAB_Clu2_1_CL_Whole_C1_WMGAS_A43782_SC2134209-SC3_AAGCCTTAGA_L001_R1_001.fastq.gz;
		fastqc ../../fastq/nAB_Clu2_1_CL_Whole_C1_WMGAS_A43782_SC2134209-SC3_AAGCCTTAGA_L001_R2_001.fastq.gz;
		mv ../../fastq/nAB_Clu2_1_CL_Whole_C1_WMGAS_A43782_SC2134209-SC3_AAGCCTTAGA_L001_R1_001_fastqc.html ../../rawQC/nAB_Clu2_fq1_fastqc.html;
		mv ../../fastq/nAB_Clu2_1_CL_Whole_C1_WMGAS_A43782_SC2134209-SC3_AAGCCTTAGA_L001_R1_001_fastqc.zip ../../rawQC/nAB_Clu2_fq1_fastqc.zip;
		mv ../../fastq/nAB_Clu2_1_CL_Whole_C1_WMGAS_A43782_SC2134209-SC3_AAGCCTTAGA_L001_R2_001_fastqc.html ../../rawQC/nAB_Clu2_fq2_fastqc.html;
		mv ../../fastq/nAB_Clu2_1_CL_Whole_C1_WMGAS_A43782_SC2134209-SC3_AAGCCTTAGA_L001_R2_001_fastqc.zip ../../rawQC/nAB_Clu2_fq2_fastqc.zip
		
        (command exited with non-zero exit code)
[Wed Sep 24 14:01:23 2025]
Error in rule raw_fastqc:
    message: None
    jobid: 2
    input: ../../fastq/nAB_Abeta2_1_CL_Whole_C1_WMGAS_A43778_SC2134209-SC3_CTGGCGTATG_L001_R1_001.fastq.gz, ../../fastq/nAB_Abeta2_1_CL_Whole_C1_WMGAS_A43778_SC2134209-SC3_CTGGCGTATG_L001_R2_001.fastq.gz
    output: ../../rawQC/nAB_Abeta2_fq1_fastqc.zip, ../../rawQC/nAB_Abeta2_fq1_fastqc.html, ../../rawQC/nAB_Abeta2_fq2_fastqc.zip, ../../rawQC/nAB_Abeta2_fq2_fastqc.html
    shell:
        
		fastqc ../../fastq/nAB_Abeta2_1_CL_Whole_C1_WMGAS_A43778_SC2134209-SC3_CTGGCGTATG_L001_R1_001.fastq.gz;
		fastqc ../../fastq/nAB_Abeta2_1_CL_Whole_C1_WMGAS_A43778_SC2134209-SC3_CTGGCGTATG_L001_R2_001.fastq.gz;
		mv ../../fastq/nAB_Abeta2_1_CL_Whole_C1_WMGAS_A43778_SC2134209-SC3_CTGGCGTATG_L001_R1_001_fastqc.html ../../rawQC/nAB_Abeta2_fq1_fastqc.html;
		mv ../../fastq/nAB_Abeta2_1_CL_Whole_C1_WMGAS_A43778_SC2134209-SC3_CTGGCGTATG_L001_R1_001_fastqc.zip ../../rawQC/nAB_Abeta2_fq1_fastqc.zip;
		mv ../../fastq/nAB_Abeta2_1_CL_Whole_C1_WMGAS_A43778_SC2134209-SC3_CTGGCGTATG_L001_R2_001_fastqc.html ../../rawQC/nAB_Abeta2_fq2_fastqc.html;
		mv ../../fastq/nAB_Abeta2_1_CL_Whole_C1_WMGAS_A43778_SC2134209-SC3_CTGGCGTATG_L001_R2_001_fastqc.zip ../../rawQC/nAB_Abeta2_fq2_fastqc.zip
		
        (command exited with non-zero exit code)
[Wed Sep 24 14:01:23 2025]
Error in rule raw_fastqc:
    message: None
    jobid: 4
    input: ../../fastq/nAB_Abeta4_1_CL_Whole_C1_WMGAS_A43780_SC2134209-SC3_TGTCGAACAA_L001_R1_001.fastq.gz, ../../fastq/nAB_Abeta4_1_CL_Whole_C1_WMGAS_A43780_SC2134209-SC3_TGTCGAACAA_L001_R2_001.fastq.gz
    output: ../../rawQC/nAB_Abeta4_fq1_fastqc.zip, ../../rawQC/nAB_Abeta4_fq1_fastqc.html, ../../rawQC/nAB_Abeta4_fq2_fastqc.zip, ../../rawQC/nAB_Abeta4_fq2_fastqc.html
    shell:
        
		fastqc ../../fastq/nAB_Abeta4_1_CL_Whole_C1_WMGAS_A43780_SC2134209-SC3_TGTCGAACAA_L001_R1_001.fastq.gz;
		fastqc ../../fastq/nAB_Abeta4_1_CL_Whole_C1_WMGAS_A43780_SC2134209-SC3_TGTCGAACAA_L001_R2_001.fastq.gz;
		mv ../../fastq/nAB_Abeta4_1_CL_Whole_C1_WMGAS_A43780_SC2134209-SC3_TGTCGAACAA_L001_R1_001_fastqc.html ../../rawQC/nAB_Abeta4_fq1_fastqc.html;
		mv ../../fastq/nAB_Abeta4_1_CL_Whole_C1_WMGAS_A43780_SC2134209-SC3_TGTCGAACAA_L001_R1_001_fastqc.zip ../../rawQC/nAB_Abeta4_fq1_fastqc.zip;
		mv ../../fastq/nAB_Abeta4_1_CL_Whole_C1_WMGAS_A43780_SC2134209-SC3_TGTCGAACAA_L001_R2_001_fastqc.html ../../rawQC/nAB_Abeta4_fq2_fastqc.html;
		mv ../../fastq/nAB_Abeta4_1_CL_Whole_C1_WMGAS_A43780_SC2134209-SC3_TGTCGAACAA_L001_R2_001_fastqc.zip ../../rawQC/nAB_Abeta4_fq2_fastqc.zip
		
        (command exited with non-zero exit code)
Complete log(s): /tgen_labs/jfryer/kolney/nanobody/scripts/01_processing/.snakemake/log/2025-09-24T140015.533015.snakemake.log
WorkflowError:
At least one job did not complete successfully.
